<?xml version="1.0" encoding="UTF-8"?>
<!-- Generated by org.testng.reporters.JUnitXMLReporter -->
<testsuite hostname="Roman-PC" name="FirefoxTest" tests="6" failures="1" timestamp="4 Dec 2017 16:24:31 GMT" time="38.351" errors="0">
  <testcase name="logIn" time="15.021" classname="Homework4.Homework4.MainTests"/>
  <testcase name="openGoodsPage" time="13.896" classname="Homework4.Homework4.MainTests">
    <failure type="org.openqa.selenium.TimeoutException" message="Expected condition failed: waiting for visibility of element located by By.xpath: //*[@data-submenu=&amp;apos;10&amp;apos;] (tried for 10 second(s) with 500 MILLISECONDS interval)
Build info: version: &amp;apos;3.5.3&amp;apos;, revision: &amp;apos;a88d25fe6b&amp;apos;, time: &amp;apos;2017-08-29T12:42:44.417Z&amp;apos;
System info: host: &amp;apos;ROMAN-PC&amp;apos;, ip: &amp;apos;192.168.1.4&amp;apos;, os.name: &amp;apos;Windows 7&amp;apos;, os.arch: &amp;apos;x86&amp;apos;, os.version: &amp;apos;6.1&amp;apos;, java.version: &amp;apos;1.8.0_151&amp;apos;
Driver info: org.openqa.selenium.firefox.FirefoxDriver
Capabilities [{moz:profile=C:\TEMP\rust_mozprofile.KD5Df2DCD6pu, rotatable=false, timeouts={implicit=0, page load=300000, script=30000}, pageLoadStrategy=normal, platform=XP, specificationLevel=0, moz:accessibilityChecks=false, acceptInsecureCerts=false, browserVersion=52.0.1, platformVersion=6.1, moz:processID=11148, browserName=firefox, javascriptEnabled=true, platformName=XP}]
Session ID: 1f6b3e29-f7f8-4fb0-825e-c91a38814054">
      <![CDATA[org.openqa.selenium.TimeoutException: Expected condition failed: waiting for visibility of element located by By.xpath: //*[@data-submenu='10'] (tried for 10 second(s) with 500 MILLISECONDS interval)
Build info: version: '3.5.3', revision: 'a88d25fe6b', time: '2017-08-29T12:42:44.417Z'
System info: host: 'ROMAN-PC', ip: '192.168.1.4', os.name: 'Windows 7', os.arch: 'x86', os.version: '6.1', java.version: '1.8.0_151'
Driver info: org.openqa.selenium.firefox.FirefoxDriver
Capabilities [{moz:profile=C:\TEMP\rust_mozprofile.KD5Df2DCD6pu, rotatable=false, timeouts={implicit=0, page load=300000, script=30000}, pageLoadStrategy=normal, platform=XP, specificationLevel=0, moz:accessibilityChecks=false, acceptInsecureCerts=false, browserVersion=52.0.1, platformVersion=6.1, moz:processID=11148, browserName=firefox, javascriptEnabled=true, platformName=XP}]
Session ID: 1f6b3e29-f7f8-4fb0-825e-c91a38814054
	at org.openqa.selenium.support.ui.WebDriverWait.timeoutException(WebDriverWait.java:80)
	at org.openqa.selenium.support.ui.FluentWait.until(FluentWait.java:232)
	at Homework4.Homework4.MainTests.openGoodsPage(MainTests.java:68)
	at java.util.concurrent.FutureTask.run(Unknown Source)
	at java.util.concurrent.ThreadPoolExecutor.runWorker(Unknown Source)
	at java.util.concurrent.ThreadPoolExecutor$Worker.run(Unknown Source)
	at java.lang.Thread.run(Unknown Source)
... Removed 16 stack frames]]>
    </failure>
  </testcase> <!-- openGoodsPage -->
  <testcase name="activateNewGood" time="0.0" classname="Homework4.Homework4.MainTests">
    <skipped/>
  </testcase> <!-- activateNewGood -->
  <testcase name="saveGood" time="0.0" classname="Homework4.Homework4.MainTests">
    <skipped/>
  </testcase> <!-- saveGood -->
  <testcase name="openShop" time="0.0" classname="Homework4.Homework4.MainTests">
    <skipped/>
  </testcase> <!-- openShop -->
  <testcase name="checkGood" time="0.0" classname="Homework4.Homework4.MainTests">
    <skipped/>
  </testcase> <!-- checkGood -->
</testsuite> <!-- FirefoxTest -->
